2025-04-05 11:34:39 - Database connection failed
[05-Apr-2025 12:18:04 UTC] Environment variables loaded for development environment
[05-Apr-2025 12:18:04 UTC] Database connection parameters: pgsql:host=localhost;port=5432;dbname=postgres
[05-Apr-2025 12:18:04 UTC] Connecting to PostgreSQL database with DSN: pgsql:host=localhost;dbname=postgres;port=5432
[05-Apr-2025 12:18:04 UTC] PostgreSQL database connection established successfully
[05-Apr-2025 12:18:04 UTC] Successfully connected to PostgreSQL database
[05-Apr-2025 12:18:04 UTC] ===== REGISTRATION ATTEMPT =====
[05-Apr-2025 12:18:04 UTC] Data received: {"email":"nyoniii@gmail.com","password":"Imma12345","businessName":"Global Hope Consortium","description":"jdahjau adgljn;sc vjasvs;;b;ajbf;habfsjbcvihdfaaefjsn;a","category":"Tourism","district":"Emalahleni","address":"131 Shamrock Street\nFlorida","phone":"+27733685971","website":"https:\/\/ghcons.com"}
[05-Apr-2025 12:18:04 UTC] Starting database transaction
[05-Apr-2025 12:18:04 UTC] Creating User object
[05-Apr-2025 12:18:04 UTC] Checking if email exists: nyoniii@gmail.com
[05-Apr-2025 12:18:04 UTC] Email check passed - email doesn't exist
[05-Apr-2025 12:18:04 UTC] Setting user properties
[05-Apr-2025 12:18:04 UTC] Attempting to create user
[05-Apr-2025 12:18:05 UTC] ERROR in registration: SQLSTATE[42703]: Undefined column: 7 ERROR:  column "password" of relation "users" does not exist
LINE 2:                  (email, password)
                                 ^
[05-Apr-2025 12:18:05 UTC] Stack trace: #0 /Users/sthwalonyoni/MPBH/server/src/Models/User.php(54): PDOStatement->execute()
#1 /Users/sthwalonyoni/MPBH/server/public/debug-api.php(162): App\Models\User->create()
#2 /Users/sthwalonyoni/MPBH/server/public/debug-api.php(62): handleRegistration(Object(PDO), Array)
#3 {main}
[05-Apr-2025 12:21:59 UTC] Environment variables loaded for development environment
[05-Apr-2025 12:21:59 UTC] Database connection parameters: pgsql:host=localhost;port=5432;dbname=postgres
[05-Apr-2025 12:21:59 UTC] Connecting to PostgreSQL database with DSN: pgsql:host=localhost;dbname=postgres;port=5432
[05-Apr-2025 12:22:00 UTC] PostgreSQL database connection established successfully
[05-Apr-2025 12:22:00 UTC] Successfully connected to PostgreSQL database
[05-Apr-2025 12:24:49 UTC] Environment variables loaded for development environment
[05-Apr-2025 12:24:49 UTC] Database connection parameters: pgsql:host=localhost;port=5432;dbname=postgres
[05-Apr-2025 12:24:49 UTC] Connecting to PostgreSQL database with DSN: pgsql:host=localhost;dbname=postgres;port=5432
[05-Apr-2025 12:24:49 UTC] PostgreSQL database connection established successfully
[05-Apr-2025 12:24:49 UTC] Successfully connected to PostgreSQL database
[05-Apr-2025 12:24:49 UTC] ===== REGISTRATION ATTEMPT =====
[05-Apr-2025 12:24:49 UTC] Data received: {"email":"nyoniii@gmail.com","password":"Password123","businessName":"Global Hope Consortium","description":"scdsljnvlsvbvljdbfvljbvkdhjvdbvfajblvjbjkvbsvlodjfbldabvkvbljfsblvadjvbjoaobsfljvsfvbdajekbvoasblv;xbnvdjfabov;osbfjvx dk jdk ","category":"Tourism","district":"Mbombela","address":"131 Shamrock Street\nFlorida","phone":"+27733685971","website":"https:\/\/ghcons.com"}
[05-Apr-2025 12:24:49 UTC] Starting database transaction
[05-Apr-2025 12:24:49 UTC] Creating User object
[05-Apr-2025 12:24:49 UTC] Checking if email exists: nyoniii@gmail.com
[05-Apr-2025 12:24:50 UTC] Email check passed - email doesn't exist
[05-Apr-2025 12:24:50 UTC] Setting user properties
[05-Apr-2025 12:24:50 UTC] Attempting to create user
[05-Apr-2025 12:24:50 UTC] ERROR in registration: SQLSTATE[42703]: Undefined column: 7 ERROR:  column "password" of relation "users" does not exist
LINE 2:                  (email, password)
                                 ^
[05-Apr-2025 12:24:50 UTC] Stack trace: #0 /Users/sthwalonyoni/MPBH/server/src/Models/User.php(54): PDOStatement->execute()
#1 /Users/sthwalonyoni/MPBH/server/public/debug-api.php(162): App\Models\User->create()
#2 /Users/sthwalonyoni/MPBH/server/public/debug-api.php(62): handleRegistration(Object(PDO), Array)
#3 {main}
[05-Apr-2025 12:27:09 UTC] Environment variables loaded for development environment
[05-Apr-2025 12:27:09 UTC] Database connection parameters: pgsql:host=localhost;port=5432;dbname=postgres
[05-Apr-2025 12:27:09 UTC] Connecting to PostgreSQL database with DSN: pgsql:host=localhost;dbname=postgres;port=5432
[05-Apr-2025 12:27:09 UTC] PostgreSQL database connection established successfully
[05-Apr-2025 12:27:09 UTC] Successfully connected to PostgreSQL database
[05-Apr-2025 12:27:09 UTC] ===== REGISTRATION ATTEMPT =====
[05-Apr-2025 12:27:09 UTC] Data received: {"email":"nyoniii@gmail.com","password":"Password123","businessName":"Global Hope Consortium","description":"scdsljnvlsvbvljdbfvljbvkdhjvdbvfajblvjbjkvbsvlodjfbldabvkvbljfsblvadjvbjoaobsfljvsfvbdajekbvoasblv;xbnvdjfabov;osbfjvx dk jdk ","category":"Tourism","district":"Mbombela","address":"131 Shamrock Street\nFlorida","phone":"+27733685971","website":"https:\/\/ghcons.com"}
[05-Apr-2025 12:27:09 UTC] Starting database transaction
[05-Apr-2025 12:27:09 UTC] Creating User object
[05-Apr-2025 12:27:09 UTC] Checking if email exists: nyoniii@gmail.com
[05-Apr-2025 12:27:09 UTC] Email check passed - email doesn't exist
[05-Apr-2025 12:27:09 UTC] Setting user properties
[05-Apr-2025 12:27:09 UTC] Attempting to create user
[05-Apr-2025 12:27:09 UTC] User created successfully with ID: 1
[05-Apr-2025 12:27:09 UTC] Creating Business object
[05-Apr-2025 12:27:09 UTC] Setting business properties
[05-Apr-2025 12:27:09 UTC] User ID for business: 1
[05-Apr-2025 12:27:09 UTC] Attempting to create business
[05-Apr-2025 12:27:09 UTC] Business created successfully with ID: 1
[05-Apr-2025 12:27:09 UTC] PHP Warning:  Undefined property: App\Models\User::$id in /Users/sthwalonyoni/MPBH/server/public/debug-api.php on line 200
[05-Apr-2025 12:27:09 UTC] PHP Fatal error:  Uncaught TypeError: generateJWT(): Argument #1 ($userId) must be of type int, null given, called in /Users/sthwalonyoni/MPBH/server/public/debug-api.php on line 200 and defined in /Users/sthwalonyoni/MPBH/server/public/debug-api.php:332
Stack trace:
#0 /Users/sthwalonyoni/MPBH/server/public/debug-api.php(200): generateJWT(NULL)
#1 /Users/sthwalonyoni/MPBH/server/public/debug-api.php(62): handleRegistration(Object(PDO), Array)
#2 {main}
  thrown in /Users/sthwalonyoni/MPBH/server/public/debug-api.php on line 332
[05-Apr-2025 12:28:22 UTC] Environment variables loaded for development environment
[05-Apr-2025 12:28:22 UTC] Database connection parameters: pgsql:host=localhost;port=5432;dbname=postgres
[05-Apr-2025 12:28:22 UTC] Connecting to PostgreSQL database with DSN: pgsql:host=localhost;dbname=postgres;port=5432
[05-Apr-2025 12:28:22 UTC] PostgreSQL database connection established successfully
[05-Apr-2025 12:28:22 UTC] Successfully connected to PostgreSQL database
[05-Apr-2025 12:28:22 UTC] ===== REGISTRATION ATTEMPT =====
[05-Apr-2025 12:28:22 UTC] Data received: {"email":"nyoniii@gmail.com","password":"Password123","businessName":"Global Hope Consortium","description":"scdsljnvlsvbvljdbfvljbvkdhjvdbvfajblvjbjkvbsvlodjfbldabvkvbljfsblvadjvbjoaobsfljvsfvbdajekbvoasblv;xbnvdjfabov;osbfjvx dk jdk ","category":"Tourism","district":"Mbombela","address":"131 Shamrock Street\nFlorida","phone":"+27733685971","website":"https:\/\/ghcons.com"}
[05-Apr-2025 12:28:22 UTC] Starting database transaction
[05-Apr-2025 12:28:22 UTC] Creating User object
[05-Apr-2025 12:28:22 UTC] Checking if email exists: nyoniii@gmail.com
[05-Apr-2025 12:28:22 UTC] Email already exists: nyoniii@gmail.com
[05-Apr-2025 12:29:36 UTC] Environment variables loaded for development environment
[05-Apr-2025 12:29:36 UTC] Database connection parameters: pgsql:host=localhost;port=5432;dbname=postgres
[05-Apr-2025 12:29:36 UTC] Connecting to PostgreSQL database with DSN: pgsql:host=localhost;dbname=postgres;port=5432
[05-Apr-2025 12:29:36 UTC] PostgreSQL database connection established successfully
[05-Apr-2025 12:29:36 UTC] Successfully connected to PostgreSQL database
[05-Apr-2025 12:29:36 UTC] Environment variables loaded for development environment
[05-Apr-2025 12:29:36 UTC] Database connection parameters: pgsql:host=localhost;port=5432;dbname=postgres
[05-Apr-2025 12:29:36 UTC] Connecting to PostgreSQL database with DSN: pgsql:host=localhost;dbname=postgres;port=5432
[05-Apr-2025 12:29:36 UTC] PostgreSQL database connection established successfully
[05-Apr-2025 12:29:36 UTC] Successfully connected to PostgreSQL database
[05-Apr-2025 12:31:49 UTC] Environment variables loaded for development environment
[05-Apr-2025 12:31:49 UTC] Database connection parameters: pgsql:host=localhost;port=5432;dbname=postgres
[05-Apr-2025 12:31:49 UTC] Connecting to PostgreSQL database with DSN: pgsql:host=localhost;dbname=postgres;port=5432
[05-Apr-2025 12:31:49 UTC] PostgreSQL database connection established successfully
[05-Apr-2025 12:31:49 UTC] Successfully connected to PostgreSQL database
[05-Apr-2025 12:31:49 UTC] PHP Warning:  Undefined array key "id" in /Users/sthwalonyoni/MPBH/server/src/Models/Business.php on line 157
[05-Apr-2025 12:31:49 UTC] PHP Deprecated:  Creation of dynamic property App\Models\Business::$id is deprecated in /Users/sthwalonyoni/MPBH/server/src/Models/Business.php on line 157
[05-Apr-2025 12:31:49 UTC] PHP Warning:  Undefined array key "logo" in /Users/sthwalonyoni/MPBH/server/src/Models/Business.php on line 167
[05-Apr-2025 12:31:49 UTC] PHP Warning:  Undefined array key "cover_image" in /Users/sthwalonyoni/MPBH/server/src/Models/Business.php on line 168
[05-Apr-2025 12:31:49 UTC] PHP Warning:  Undefined array key "subscription_id" in /Users/sthwalonyoni/MPBH/server/src/Models/Business.php on line 170
[05-Apr-2025 12:31:49 UTC] PHP Warning:  Undefined array key "verification_status" in /Users/sthwalonyoni/MPBH/server/src/Models/Business.php on line 171
[05-Apr-2025 12:31:49 UTC] PHP Fatal error:  Uncaught TypeError: Cannot assign null to property App\Models\Business::$verification_status of type string in /Users/sthwalonyoni/MPBH/server/src/Models/Business.php:171
Stack trace:
#0 /Users/sthwalonyoni/MPBH/server/public/debug-api.php(241): App\Models\Business->findByUserId('1')
#1 /Users/sthwalonyoni/MPBH/server/public/debug-api.php(67): handleBusinessDetails(Object(PDO))
#2 {main}
  thrown in /Users/sthwalonyoni/MPBH/server/src/Models/Business.php on line 171
[05-Apr-2025 12:32:56 UTC] Environment variables loaded for development environment
[05-Apr-2025 12:32:56 UTC] Database connection parameters: pgsql:host=localhost;port=5432;dbname=postgres
[05-Apr-2025 12:32:56 UTC] Connecting to PostgreSQL database with DSN: pgsql:host=localhost;dbname=postgres;port=5432
[05-Apr-2025 12:32:56 UTC] PostgreSQL database connection established successfully
[05-Apr-2025 12:32:56 UTC] Successfully connected to PostgreSQL database
[05-Apr-2025 13:16:59 UTC] Environment variables loaded for development environment
[05-Apr-2025 13:16:59 UTC] Database connection parameters: pgsql:host=localhost;port=5432;dbname=postgres
[05-Apr-2025 13:16:59 UTC] Connecting to PostgreSQL database with DSN: pgsql:host=localhost;dbname=postgres;port=5432
[05-Apr-2025 13:16:59 UTC] PostgreSQL database connection established successfully
[05-Apr-2025 13:16:59 UTC] Successfully connected to PostgreSQL database
[05-Apr-2025 13:16:59 UTC] ===== REGISTRATION ATTEMPT =====
[05-Apr-2025 13:16:59 UTC] Data received: {"email":"test2@example.com","password":"Password123","businessName":"Test Business LLC","description":"A test business for validation","category":"Information Technology","district":"Gert Sibande","address":"456 Test Avenue","phone":"+27731234567","website":"https:\/\/testbusiness.com"}
[05-Apr-2025 13:16:59 UTC] Starting database transaction
[05-Apr-2025 13:16:59 UTC] Creating User object
[05-Apr-2025 13:16:59 UTC] Checking if email exists: test2@example.com
[05-Apr-2025 13:16:59 UTC] Email check passed - email doesn't exist
[05-Apr-2025 13:16:59 UTC] Setting user properties
[05-Apr-2025 13:16:59 UTC] Attempting to create user
[05-Apr-2025 13:17:00 UTC] User created successfully with ID: 2
[05-Apr-2025 13:17:00 UTC] Creating Business object
[05-Apr-2025 13:17:00 UTC] Setting business properties
[05-Apr-2025 13:17:00 UTC] User ID for business: 2
[05-Apr-2025 13:17:00 UTC] Attempting to create business
[05-Apr-2025 13:17:00 UTC] Business created successfully with ID: 2
[05-Apr-2025 13:17:11 UTC] Environment variables loaded for development environment
[05-Apr-2025 13:17:11 UTC] Database connection parameters: pgsql:host=localhost;port=5432;dbname=postgres
[05-Apr-2025 13:17:11 UTC] Connecting to PostgreSQL database with DSN: pgsql:host=localhost;dbname=postgres;port=5432
[05-Apr-2025 13:17:11 UTC] PostgreSQL database connection established successfully
[05-Apr-2025 13:17:11 UTC] Successfully connected to PostgreSQL database
[05-Apr-2025 13:17:22 UTC] Environment variables loaded for development environment
[05-Apr-2025 13:17:22 UTC] Database connection parameters: pgsql:host=localhost;port=5432;dbname=postgres
[05-Apr-2025 13:17:22 UTC] Connecting to PostgreSQL database with DSN: pgsql:host=localhost;dbname=postgres;port=5432
[05-Apr-2025 13:17:22 UTC] PostgreSQL database connection established successfully
[05-Apr-2025 13:17:22 UTC] Successfully connected to PostgreSQL database
[05-Apr-2025 13:17:59 UTC] Environment variables loaded for development environment
[05-Apr-2025 13:17:59 UTC] Database connection parameters: pgsql:host=localhost;port=5432;dbname=postgres
[05-Apr-2025 13:17:59 UTC] Connecting to PostgreSQL database with DSN: pgsql:host=localhost;dbname=postgres;port=5432
[05-Apr-2025 13:17:59 UTC] PostgreSQL database connection established successfully
[05-Apr-2025 13:17:59 UTC] Successfully connected to PostgreSQL database
[05-Apr-2025 13:19:48 UTC] Environment variables loaded for development environment
[05-Apr-2025 13:19:48 UTC] Database connection parameters: pgsql:host=localhost;port=5432;dbname=postgres
[05-Apr-2025 13:19:48 UTC] Connecting to PostgreSQL database with DSN: pgsql:host=localhost;dbname=postgres;port=5432
[05-Apr-2025 13:19:48 UTC] PostgreSQL database connection established successfully
[05-Apr-2025 13:19:48 UTC] Successfully connected to PostgreSQL database
[05-Apr-2025 13:19:48 UTC] ===== REGISTRATION ATTEMPT =====
[05-Apr-2025 13:19:48 UTC] Data received: {"email":"sthwaloe@gmail.com","password":"Password123","businessName":"Global Hope Consortium","description":"sclzcn\/jzn ljn;jc;jz njzbncmnbj;bmz .,j;zbvuwvjbcj sicvk.NB","category":"Tourism","district":"Mbombela","address":"131 Shamrock Street\nFlorida","phone":"+27733685971","website":"https:\/\/ghcons.com"}
[05-Apr-2025 13:19:48 UTC] Starting database transaction
[05-Apr-2025 13:19:48 UTC] Creating User object
[05-Apr-2025 13:19:48 UTC] Checking if email exists: sthwaloe@gmail.com
[05-Apr-2025 13:19:48 UTC] Email check passed - email doesn't exist
[05-Apr-2025 13:19:48 UTC] Setting user properties
[05-Apr-2025 13:19:48 UTC] Attempting to create user
[05-Apr-2025 13:19:48 UTC] User created successfully with ID: 3
[05-Apr-2025 13:19:48 UTC] Creating Business object
[05-Apr-2025 13:19:48 UTC] Setting business properties
[05-Apr-2025 13:19:48 UTC] User ID for business: 3
[05-Apr-2025 13:19:48 UTC] Attempting to create business
[05-Apr-2025 13:19:48 UTC] Business created successfully with ID: 3
[05-Apr-2025 13:20:05 UTC] Environment variables loaded for development environment
[05-Apr-2025 13:20:05 UTC] Database connection parameters: pgsql:host=localhost;port=5432;dbname=postgres
[05-Apr-2025 13:20:05 UTC] Connecting to PostgreSQL database with DSN: pgsql:host=localhost;dbname=postgres;port=5432
[05-Apr-2025 13:20:05 UTC] PostgreSQL database connection established successfully
[05-Apr-2025 13:20:05 UTC] Successfully connected to PostgreSQL database
[05-Apr-2025 13:20:05 UTC] Environment variables loaded for development environment
[05-Apr-2025 13:20:05 UTC] Database connection parameters: pgsql:host=localhost;port=5432;dbname=postgres
[05-Apr-2025 13:20:05 UTC] Connecting to PostgreSQL database with DSN: pgsql:host=localhost;dbname=postgres;port=5432
[05-Apr-2025 13:20:05 UTC] PostgreSQL database connection established successfully
[05-Apr-2025 13:20:05 UTC] Successfully connected to PostgreSQL database
[05-Apr-2025 13:22:16 UTC] Environment variables loaded for development environment
[05-Apr-2025 13:22:16 UTC] Database connection parameters: pgsql:host=localhost;port=5432;dbname=postgres
[05-Apr-2025 13:22:16 UTC] Connecting to PostgreSQL database with DSN: pgsql:host=localhost;dbname=postgres;port=5432
[05-Apr-2025 13:22:16 UTC] PostgreSQL database connection established successfully
[05-Apr-2025 13:22:16 UTC] Successfully connected to PostgreSQL database
[05-Apr-2025 13:22:16 UTC] Environment variables loaded for development environment
[05-Apr-2025 13:22:16 UTC] Database connection parameters: pgsql:host=localhost;port=5432;dbname=postgres
[05-Apr-2025 13:22:16 UTC] Connecting to PostgreSQL database with DSN: pgsql:host=localhost;dbname=postgres;port=5432
[05-Apr-2025 13:22:16 UTC] PostgreSQL database connection established successfully
[05-Apr-2025 13:22:16 UTC] Successfully connected to PostgreSQL database
[05-Apr-2025 13:27:00 UTC] Environment variables loaded for development environment
[05-Apr-2025 13:27:00 UTC] Database connection parameters: pgsql:host=localhost;port=5432;dbname=postgres
[05-Apr-2025 13:27:00 UTC] Connecting to PostgreSQL database with DSN: pgsql:host=localhost;dbname=postgres;port=5432
[05-Apr-2025 13:27:00 UTC] PostgreSQL database connection established successfully
[05-Apr-2025 13:27:00 UTC] Successfully connected to PostgreSQL database
[05-Apr-2025 13:27:00 UTC] PHP Deprecated:  json_decode(): Passing null to parameter #1 ($json) of type string is deprecated in /Users/sthwalonyoni/MPBH/server/src/Models/Business.php on line 274
[05-Apr-2025 13:27:00 UTC] PHP Deprecated:  json_decode(): Passing null to parameter #1 ($json) of type string is deprecated in /Users/sthwalonyoni/MPBH/server/src/Models/Business.php on line 275
[05-Apr-2025 13:27:00 UTC] PHP Deprecated:  json_decode(): Passing null to parameter #1 ($json) of type string is deprecated in /Users/sthwalonyoni/MPBH/server/src/Models/Business.php on line 274
[05-Apr-2025 13:27:00 UTC] PHP Deprecated:  json_decode(): Passing null to parameter #1 ($json) of type string is deprecated in /Users/sthwalonyoni/MPBH/server/src/Models/Business.php on line 275
[05-Apr-2025 13:27:00 UTC] PHP Deprecated:  json_decode(): Passing null to parameter #1 ($json) of type string is deprecated in /Users/sthwalonyoni/MPBH/server/src/Models/Business.php on line 274
[05-Apr-2025 13:27:00 UTC] PHP Deprecated:  json_decode(): Passing null to parameter #1 ($json) of type string is deprecated in /Users/sthwalonyoni/MPBH/server/src/Models/Business.php on line 275
[05-Apr-2025 15:35:52 UTC] Environment variables loaded for development environment
[05-Apr-2025 15:35:52 UTC] Database connection parameters: pgsql:host=localhost;port=5432;dbname=postgres
[05-Apr-2025 15:35:52 UTC] Connecting to PostgreSQL database with DSN: pgsql:host=localhost;dbname=postgres;port=5432
[05-Apr-2025 15:35:52 UTC] PostgreSQL database connection established successfully
[05-Apr-2025 15:35:52 UTC] Successfully connected to PostgreSQL database
[05-Apr-2025 15:43:37 UTC] Environment variables loaded for development environment
[05-Apr-2025 15:43:37 UTC] Database connection parameters: pgsql:host=localhost;port=5432;dbname=postgres
[05-Apr-2025 15:43:37 UTC] Connecting to PostgreSQL database with DSN: pgsql:host=localhost;dbname=postgres;port=5432
[05-Apr-2025 15:43:37 UTC] PostgreSQL database connection established successfully
[05-Apr-2025 15:43:37 UTC] Successfully connected to PostgreSQL database
[05-Apr-2025 15:46:03 UTC] Environment variables loaded for development environment
[05-Apr-2025 15:46:03 UTC] Database connection parameters: pgsql:host=localhost;port=5432;dbname=postgres
[05-Apr-2025 15:46:03 UTC] Connecting to PostgreSQL database with DSN: pgsql:host=localhost;dbname=postgres;port=5432
[05-Apr-2025 15:46:03 UTC] PostgreSQL database connection established successfully
[05-Apr-2025 15:46:03 UTC] Successfully connected to PostgreSQL database
[05-Apr-2025 15:49:21 UTC] Environment variables loaded for development environment
[05-Apr-2025 15:49:21 UTC] Database connection parameters: pgsql:host=localhost;port=5432;dbname=postgres
[05-Apr-2025 15:49:21 UTC] Connecting to PostgreSQL database with DSN: pgsql:host=localhost;dbname=postgres;port=5432
[05-Apr-2025 15:49:21 UTC] PostgreSQL database connection established successfully
[05-Apr-2025 15:49:21 UTC] Successfully connected to PostgreSQL database
[05-Apr-2025 15:49:21 UTC] Environment variables loaded for development environment
[05-Apr-2025 15:49:21 UTC] Database connection parameters: pgsql:host=localhost;port=5432;dbname=postgres
[05-Apr-2025 15:49:21 UTC] Connecting to PostgreSQL database with DSN: pgsql:host=localhost;dbname=postgres;port=5432
[05-Apr-2025 15:49:21 UTC] PostgreSQL database connection established successfully
[05-Apr-2025 15:49:21 UTC] Successfully connected to PostgreSQL database
[05-Apr-2025 15:50:07 UTC] Environment variables loaded for development environment
[05-Apr-2025 15:50:07 UTC] Database connection parameters: pgsql:host=localhost;port=5432;dbname=postgres
[05-Apr-2025 15:50:07 UTC] Connecting to PostgreSQL database with DSN: pgsql:host=localhost;dbname=postgres;port=5432
[05-Apr-2025 15:50:07 UTC] PostgreSQL database connection established successfully
[05-Apr-2025 15:50:07 UTC] Successfully connected to PostgreSQL database
[05-Apr-2025 15:50:07 UTC] PHP Deprecated:  json_decode(): Passing null to parameter #1 ($json) of type string is deprecated in /Users/sthwalonyoni/MPBH/server/src/Models/Business.php on line 274
[05-Apr-2025 15:50:07 UTC] PHP Deprecated:  json_decode(): Passing null to parameter #1 ($json) of type string is deprecated in /Users/sthwalonyoni/MPBH/server/src/Models/Business.php on line 275
[05-Apr-2025 15:50:07 UTC] PHP Deprecated:  json_decode(): Passing null to parameter #1 ($json) of type string is deprecated in /Users/sthwalonyoni/MPBH/server/src/Models/Business.php on line 274
[05-Apr-2025 15:50:07 UTC] PHP Deprecated:  json_decode(): Passing null to parameter #1 ($json) of type string is deprecated in /Users/sthwalonyoni/MPBH/server/src/Models/Business.php on line 275
[05-Apr-2025 15:50:07 UTC] Environment variables loaded for development environment
[05-Apr-2025 15:50:07 UTC] Database connection parameters: pgsql:host=localhost;port=5432;dbname=postgres
[05-Apr-2025 15:50:07 UTC] Connecting to PostgreSQL database with DSN: pgsql:host=localhost;dbname=postgres;port=5432
[05-Apr-2025 15:50:07 UTC] PostgreSQL database connection established successfully
[05-Apr-2025 15:50:07 UTC] Successfully connected to PostgreSQL database
[05-Apr-2025 15:50:07 UTC] PHP Deprecated:  json_decode(): Passing null to parameter #1 ($json) of type string is deprecated in /Users/sthwalonyoni/MPBH/server/src/Models/Business.php on line 274
[05-Apr-2025 15:50:07 UTC] PHP Deprecated:  json_decode(): Passing null to parameter #1 ($json) of type string is deprecated in /Users/sthwalonyoni/MPBH/server/src/Models/Business.php on line 275
[05-Apr-2025 15:50:07 UTC] PHP Deprecated:  json_decode(): Passing null to parameter #1 ($json) of type string is deprecated in /Users/sthwalonyoni/MPBH/server/src/Models/Business.php on line 274
[05-Apr-2025 15:50:07 UTC] PHP Deprecated:  json_decode(): Passing null to parameter #1 ($json) of type string is deprecated in /Users/sthwalonyoni/MPBH/server/src/Models/Business.php on line 275
[05-Apr-2025 15:50:25 UTC] Environment variables loaded for development environment
[05-Apr-2025 15:50:25 UTC] Database connection parameters: pgsql:host=localhost;port=5432;dbname=postgres
[05-Apr-2025 15:50:25 UTC] Connecting to PostgreSQL database with DSN: pgsql:host=localhost;dbname=postgres;port=5432
[05-Apr-2025 15:50:25 UTC] PostgreSQL database connection established successfully
[05-Apr-2025 15:50:25 UTC] Successfully connected to PostgreSQL database
[10-Apr-2025 17:20:44 UTC] Environment variables loaded for development environment
[10-Apr-2025 17:20:44 UTC] Database connection parameters: pgsql:host=localhost;port=5432;dbname=postgres
[10-Apr-2025 17:20:44 UTC] Connecting to PostgreSQL database with DSN: pgsql:host=localhost;dbname=postgres;port=5432
[10-Apr-2025 17:20:44 UTC] PostgreSQL database connection established successfully
[10-Apr-2025 17:20:44 UTC] Successfully connected to PostgreSQL database
[10-Apr-2025 17:20:44 UTC] ===== REGISTRATION ATTEMPT =====
[10-Apr-2025 17:20:44 UTC] Data received: {"email":"sthwaloe@gmail.com","password":"12345678","businessName":"Global Hope Consortium","description":"sfsfslfms;ka afkjgnaljbve ajngfvajbvnalegb ejnaojbpaoebnoarqgb","category":"Tourism","district":"Mbombela","address":"111 Cornelis Street","phone":"+27733685971","website":"https:\/\/ghcons.com"}
[10-Apr-2025 17:20:44 UTC] Starting database transaction
[10-Apr-2025 17:20:44 UTC] Creating User object
[10-Apr-2025 17:20:44 UTC] Checking if email exists: sthwaloe@gmail.com
[10-Apr-2025 17:20:44 UTC] Email already exists: sthwaloe@gmail.com
[10-Apr-2025 17:23:52 UTC] Environment variables loaded for development environment
[10-Apr-2025 17:23:52 UTC] Database connection parameters: pgsql:host=localhost;port=5432;dbname=postgres
[10-Apr-2025 17:23:52 UTC] Connecting to PostgreSQL database with DSN: pgsql:host=localhost;dbname=postgres;port=5432
[10-Apr-2025 17:23:52 UTC] PostgreSQL database connection established successfully
[10-Apr-2025 17:23:52 UTC] Successfully connected to PostgreSQL database
[10-Apr-2025 17:23:52 UTC] ===== REGISTRATION ATTEMPT =====
[10-Apr-2025 17:23:52 UTC] Data received: {"email":"sthwaloe@gmail.com","password":"asdf1234","businessName":"Global Hope Consortium","description":"sdnldsjnv;as jfnv;aljvn; ADJFN;AJLVNSOVANDOVA JAND;FJVNA;FDA","category":"Tourism","district":"Mbombela","address":"111 Cornelis Street","phone":"+27733685971","website":"https:\/\/ghcons.com"}
[10-Apr-2025 17:23:52 UTC] Starting database transaction
[10-Apr-2025 17:23:52 UTC] Creating User object
[10-Apr-2025 17:23:52 UTC] Checking if email exists: sthwaloe@gmail.com
[10-Apr-2025 17:23:52 UTC] Email already exists: sthwaloe@gmail.com
[10-Apr-2025 17:35:16 UTC] Environment variables loaded for development environment
[10-Apr-2025 17:35:16 UTC] Database connection parameters: pgsql:host=localhost;port=5432;dbname=postgres
[10-Apr-2025 17:35:16 UTC] Connecting to PostgreSQL database with DSN: pgsql:host=localhost;dbname=postgres;port=5432
[10-Apr-2025 17:35:16 UTC] PostgreSQL database connection established successfully
[10-Apr-2025 17:35:16 UTC] Successfully connected to PostgreSQL database
[10-Apr-2025 17:35:16 UTC] Environment variables loaded for development environment
[10-Apr-2025 17:35:16 UTC] Database connection parameters: pgsql:host=localhost;port=5432;dbname=postgres
[10-Apr-2025 17:35:16 UTC] Connecting to PostgreSQL database with DSN: pgsql:host=localhost;dbname=postgres;port=5432
[10-Apr-2025 17:35:16 UTC] PostgreSQL database connection established successfully
[10-Apr-2025 17:35:16 UTC] Successfully connected to PostgreSQL database
[10-Apr-2025 17:36:19 UTC] Environment variables loaded for development environment
[10-Apr-2025 17:36:19 UTC] Database connection parameters: pgsql:host=localhost;port=5432;dbname=postgres
[10-Apr-2025 17:36:19 UTC] Connecting to PostgreSQL database with DSN: pgsql:host=localhost;dbname=postgres;port=5432
[10-Apr-2025 17:36:19 UTC] PostgreSQL database connection established successfully
[10-Apr-2025 17:36:19 UTC] Successfully connected to PostgreSQL database
[10-Apr-2025 17:36:19 UTC] Environment variables loaded for development environment
[10-Apr-2025 17:36:19 UTC] Database connection parameters: pgsql:host=localhost;port=5432;dbname=postgres
[10-Apr-2025 17:36:19 UTC] Connecting to PostgreSQL database with DSN: pgsql:host=localhost;dbname=postgres;port=5432
[10-Apr-2025 17:36:19 UTC] PostgreSQL database connection established successfully
[10-Apr-2025 17:36:19 UTC] Successfully connected to PostgreSQL database
[10-Apr-2025 19:25:09 UTC] Environment variables loaded for development environment
[10-Apr-2025 19:25:09 UTC] Database connection parameters: pgsql:host=localhost;port=5432;dbname=postgres
[10-Apr-2025 19:25:09 UTC] Connecting to PostgreSQL database with DSN: pgsql:host=localhost;dbname=postgres;port=5432
[10-Apr-2025 19:25:09 UTC] PostgreSQL database connection established successfully
[10-Apr-2025 19:25:09 UTC] Successfully connected to PostgreSQL database
[10-Apr-2025 19:25:09 UTC] Environment variables loaded for development environment
[10-Apr-2025 19:25:09 UTC] Database connection parameters: pgsql:host=localhost;port=5432;dbname=postgres
[10-Apr-2025 19:25:09 UTC] Connecting to PostgreSQL database with DSN: pgsql:host=localhost;dbname=postgres;port=5432
[10-Apr-2025 19:25:09 UTC] PostgreSQL database connection established successfully
[10-Apr-2025 19:25:09 UTC] Successfully connected to PostgreSQL database
[10-Apr-2025 19:34:09 UTC] Environment variables loaded for development environment
[10-Apr-2025 19:34:09 UTC] Database connection parameters: pgsql:host=localhost;port=5432;dbname=postgres
[10-Apr-2025 19:34:09 UTC] Connecting to PostgreSQL database with DSN: pgsql:host=localhost;dbname=postgres;port=5432
[10-Apr-2025 19:34:09 UTC] PostgreSQL database connection established successfully
[10-Apr-2025 19:34:09 UTC] Successfully connected to PostgreSQL database
[10-Apr-2025 19:34:09 UTC] Environment variables loaded for development environment
[10-Apr-2025 19:34:09 UTC] Database connection parameters: pgsql:host=localhost;port=5432;dbname=postgres
[10-Apr-2025 19:34:09 UTC] Connecting to PostgreSQL database with DSN: pgsql:host=localhost;dbname=postgres;port=5432
[10-Apr-2025 19:34:09 UTC] PostgreSQL database connection established successfully
[10-Apr-2025 19:34:09 UTC] Successfully connected to PostgreSQL database
[10-Apr-2025 19:34:10 UTC] Environment variables loaded for development environment
[10-Apr-2025 19:34:10 UTC] Database connection parameters: pgsql:host=localhost;port=5432;dbname=postgres
[10-Apr-2025 19:34:10 UTC] Connecting to PostgreSQL database with DSN: pgsql:host=localhost;dbname=postgres;port=5432
[10-Apr-2025 19:34:10 UTC] PostgreSQL database connection established successfully
[10-Apr-2025 19:34:10 UTC] Successfully connected to PostgreSQL database
[10-Apr-2025 19:34:10 UTC] Environment variables loaded for development environment
[10-Apr-2025 19:34:10 UTC] Database connection parameters: pgsql:host=localhost;port=5432;dbname=postgres
[10-Apr-2025 19:34:10 UTC] Connecting to PostgreSQL database with DSN: pgsql:host=localhost;dbname=postgres;port=5432
[10-Apr-2025 19:34:10 UTC] PostgreSQL database connection established successfully
[10-Apr-2025 19:34:10 UTC] Successfully connected to PostgreSQL database
[10-Apr-2025 19:34:59 UTC] Environment variables loaded for development environment
[10-Apr-2025 19:34:59 UTC] Database connection parameters: pgsql:host=localhost;port=5432;dbname=postgres
[10-Apr-2025 19:34:59 UTC] Connecting to PostgreSQL database with DSN: pgsql:host=localhost;dbname=postgres;port=5432
[10-Apr-2025 19:34:59 UTC] PostgreSQL database connection established successfully
[10-Apr-2025 19:34:59 UTC] Successfully connected to PostgreSQL database
[10-Apr-2025 19:34:59 UTC] PHP Deprecated:  json_decode(): Passing null to parameter #1 ($json) of type string is deprecated in /Users/sthwalonyoni/MPBH/server/src/Models/Business.php on line 274
[10-Apr-2025 19:34:59 UTC] PHP Deprecated:  json_decode(): Passing null to parameter #1 ($json) of type string is deprecated in /Users/sthwalonyoni/MPBH/server/src/Models/Business.php on line 275
[10-Apr-2025 19:34:59 UTC] PHP Deprecated:  json_decode(): Passing null to parameter #1 ($json) of type string is deprecated in /Users/sthwalonyoni/MPBH/server/src/Models/Business.php on line 274
[10-Apr-2025 19:34:59 UTC] PHP Deprecated:  json_decode(): Passing null to parameter #1 ($json) of type string is deprecated in /Users/sthwalonyoni/MPBH/server/src/Models/Business.php on line 275
[10-Apr-2025 19:34:59 UTC] Environment variables loaded for development environment
[10-Apr-2025 19:34:59 UTC] Database connection parameters: pgsql:host=localhost;port=5432;dbname=postgres
[10-Apr-2025 19:34:59 UTC] Connecting to PostgreSQL database with DSN: pgsql:host=localhost;dbname=postgres;port=5432
[10-Apr-2025 19:34:59 UTC] PostgreSQL database connection established successfully
[10-Apr-2025 19:34:59 UTC] Successfully connected to PostgreSQL database
[10-Apr-2025 19:34:59 UTC] PHP Deprecated:  json_decode(): Passing null to parameter #1 ($json) of type string is deprecated in /Users/sthwalonyoni/MPBH/server/src/Models/Business.php on line 274
[10-Apr-2025 19:34:59 UTC] PHP Deprecated:  json_decode(): Passing null to parameter #1 ($json) of type string is deprecated in /Users/sthwalonyoni/MPBH/server/src/Models/Business.php on line 275
[10-Apr-2025 19:34:59 UTC] PHP Deprecated:  json_decode(): Passing null to parameter #1 ($json) of type string is deprecated in /Users/sthwalonyoni/MPBH/server/src/Models/Business.php on line 274
[10-Apr-2025 19:34:59 UTC] PHP Deprecated:  json_decode(): Passing null to parameter #1 ($json) of type string is deprecated in /Users/sthwalonyoni/MPBH/server/src/Models/Business.php on line 275
[10-Apr-2025 19:35:15 UTC] Environment variables loaded for development environment
[10-Apr-2025 19:35:15 UTC] Database connection parameters: pgsql:host=localhost;port=5432;dbname=postgres
[10-Apr-2025 19:35:15 UTC] Connecting to PostgreSQL database with DSN: pgsql:host=localhost;dbname=postgres;port=5432
[10-Apr-2025 19:35:15 UTC] PostgreSQL database connection established successfully
[10-Apr-2025 19:35:15 UTC] Successfully connected to PostgreSQL database
[10-Apr-2025 19:35:15 UTC] PHP Deprecated:  json_decode(): Passing null to parameter #1 ($json) of type string is deprecated in /Users/sthwalonyoni/MPBH/server/src/Models/Business.php on line 274
[10-Apr-2025 19:35:15 UTC] PHP Deprecated:  json_decode(): Passing null to parameter #1 ($json) of type string is deprecated in /Users/sthwalonyoni/MPBH/server/src/Models/Business.php on line 275
[10-Apr-2025 19:35:15 UTC] PHP Deprecated:  json_decode(): Passing null to parameter #1 ($json) of type string is deprecated in /Users/sthwalonyoni/MPBH/server/src/Models/Business.php on line 274
[10-Apr-2025 19:35:15 UTC] PHP Deprecated:  json_decode(): Passing null to parameter #1 ($json) of type string is deprecated in /Users/sthwalonyoni/MPBH/server/src/Models/Business.php on line 275
[10-Apr-2025 19:35:16 UTC] Environment variables loaded for development environment
[10-Apr-2025 19:35:16 UTC] Database connection parameters: pgsql:host=localhost;port=5432;dbname=postgres
[10-Apr-2025 19:35:16 UTC] Connecting to PostgreSQL database with DSN: pgsql:host=localhost;dbname=postgres;port=5432
[10-Apr-2025 19:35:16 UTC] PostgreSQL database connection established successfully
[10-Apr-2025 19:35:16 UTC] Successfully connected to PostgreSQL database
[10-Apr-2025 20:31:36 UTC] Environment variables loaded for development environment
[10-Apr-2025 20:31:36 UTC] Database connection parameters: pgsql:host=localhost;port=5432;dbname=postgres
[10-Apr-2025 20:31:36 UTC] Connecting to PostgreSQL database with DSN: pgsql:host=localhost;dbname=postgres;port=5432
[10-Apr-2025 20:31:36 UTC] PostgreSQL database connection established successfully
[10-Apr-2025 20:31:36 UTC] Successfully connected to PostgreSQL database
[10-Apr-2025 20:31:36 UTC] PHP Deprecated:  json_decode(): Passing null to parameter #1 ($json) of type string is deprecated in /Users/sthwalonyoni/MPBH/server/src/Models/Business.php on line 274
[10-Apr-2025 20:31:36 UTC] PHP Deprecated:  json_decode(): Passing null to parameter #1 ($json) of type string is deprecated in /Users/sthwalonyoni/MPBH/server/src/Models/Business.php on line 275
[10-Apr-2025 20:31:36 UTC] PHP Deprecated:  json_decode(): Passing null to parameter #1 ($json) of type string is deprecated in /Users/sthwalonyoni/MPBH/server/src/Models/Business.php on line 274
[10-Apr-2025 20:31:36 UTC] PHP Deprecated:  json_decode(): Passing null to parameter #1 ($json) of type string is deprecated in /Users/sthwalonyoni/MPBH/server/src/Models/Business.php on line 275
[10-Apr-2025 20:31:36 UTC] PHP Deprecated:  json_decode(): Passing null to parameter #1 ($json) of type string is deprecated in /Users/sthwalonyoni/MPBH/server/src/Models/Business.php on line 274
[10-Apr-2025 20:31:36 UTC] PHP Deprecated:  json_decode(): Passing null to parameter #1 ($json) of type string is deprecated in /Users/sthwalonyoni/MPBH/server/src/Models/Business.php on line 275
[10-Apr-2025 20:31:36 UTC] Environment variables loaded for development environment
[10-Apr-2025 20:31:36 UTC] Database connection parameters: pgsql:host=localhost;port=5432;dbname=postgres
[10-Apr-2025 20:31:36 UTC] Connecting to PostgreSQL database with DSN: pgsql:host=localhost;dbname=postgres;port=5432
[10-Apr-2025 20:31:36 UTC] PostgreSQL database connection established successfully
[10-Apr-2025 20:31:36 UTC] Successfully connected to PostgreSQL database
[10-Apr-2025 20:31:36 UTC] PHP Deprecated:  json_decode(): Passing null to parameter #1 ($json) of type string is deprecated in /Users/sthwalonyoni/MPBH/server/src/Models/Business.php on line 274
[10-Apr-2025 20:31:36 UTC] PHP Deprecated:  json_decode(): Passing null to parameter #1 ($json) of type string is deprecated in /Users/sthwalonyoni/MPBH/server/src/Models/Business.php on line 275
[10-Apr-2025 20:31:36 UTC] PHP Deprecated:  json_decode(): Passing null to parameter #1 ($json) of type string is deprecated in /Users/sthwalonyoni/MPBH/server/src/Models/Business.php on line 274
[10-Apr-2025 20:31:36 UTC] PHP Deprecated:  json_decode(): Passing null to parameter #1 ($json) of type string is deprecated in /Users/sthwalonyoni/MPBH/server/src/Models/Business.php on line 275
[10-Apr-2025 20:31:36 UTC] PHP Deprecated:  json_decode(): Passing null to parameter #1 ($json) of type string is deprecated in /Users/sthwalonyoni/MPBH/server/src/Models/Business.php on line 274
[10-Apr-2025 20:31:36 UTC] PHP Deprecated:  json_decode(): Passing null to parameter #1 ($json) of type string is deprecated in /Users/sthwalonyoni/MPBH/server/src/Models/Business.php on line 275
[10-Apr-2025 20:31:51 UTC] Environment variables loaded for development environment
[10-Apr-2025 20:31:51 UTC] Database connection parameters: pgsql:host=localhost;port=5432;dbname=postgres
[10-Apr-2025 20:31:51 UTC] Connecting to PostgreSQL database with DSN: pgsql:host=localhost;dbname=postgres;port=5432
[10-Apr-2025 20:31:51 UTC] PostgreSQL database connection established successfully
[10-Apr-2025 20:31:51 UTC] Successfully connected to PostgreSQL database
[10-Apr-2025 20:31:51 UTC] PHP Deprecated:  json_decode(): Passing null to parameter #1 ($json) of type string is deprecated in /Users/sthwalonyoni/MPBH/server/src/Models/Business.php on line 274
[10-Apr-2025 20:31:51 UTC] PHP Deprecated:  json_decode(): Passing null to parameter #1 ($json) of type string is deprecated in /Users/sthwalonyoni/MPBH/server/src/Models/Business.php on line 275
[10-Apr-2025 20:31:51 UTC] PHP Deprecated:  json_decode(): Passing null to parameter #1 ($json) of type string is deprecated in /Users/sthwalonyoni/MPBH/server/src/Models/Business.php on line 274
[10-Apr-2025 20:31:51 UTC] PHP Deprecated:  json_decode(): Passing null to parameter #1 ($json) of type string is deprecated in /Users/sthwalonyoni/MPBH/server/src/Models/Business.php on line 275
[10-Apr-2025 20:31:52 UTC] Environment variables loaded for development environment
[10-Apr-2025 20:31:52 UTC] Database connection parameters: pgsql:host=localhost;port=5432;dbname=postgres
[10-Apr-2025 20:31:52 UTC] Connecting to PostgreSQL database with DSN: pgsql:host=localhost;dbname=postgres;port=5432
[10-Apr-2025 20:31:52 UTC] PostgreSQL database connection established successfully
[10-Apr-2025 20:31:52 UTC] Successfully connected to PostgreSQL database
[10-Apr-2025 20:34:14 UTC] Environment variables loaded for development environment
[10-Apr-2025 20:34:14 UTC] Database connection parameters: pgsql:host=localhost;port=5432;dbname=postgres
[10-Apr-2025 20:34:14 UTC] Connecting to PostgreSQL database with DSN: pgsql:host=localhost;dbname=postgres;port=5432
[10-Apr-2025 20:34:14 UTC] PostgreSQL database connection established successfully
[10-Apr-2025 20:34:14 UTC] Successfully connected to PostgreSQL database
[10-Apr-2025 20:34:14 UTC] Environment variables loaded for development environment
[10-Apr-2025 20:34:14 UTC] Database connection parameters: pgsql:host=localhost;port=5432;dbname=postgres
[10-Apr-2025 20:34:14 UTC] Connecting to PostgreSQL database with DSN: pgsql:host=localhost;dbname=postgres;port=5432
[10-Apr-2025 20:34:14 UTC] PostgreSQL database connection established successfully
[10-Apr-2025 20:34:14 UTC] Successfully connected to PostgreSQL database
[10-Apr-2025 20:35:28 UTC] Environment variables loaded for development environment
[10-Apr-2025 20:35:28 UTC] Database connection parameters: pgsql:host=localhost;port=5432;dbname=postgres
[10-Apr-2025 20:35:28 UTC] Connecting to PostgreSQL database with DSN: pgsql:host=localhost;dbname=postgres;port=5432
[10-Apr-2025 20:35:28 UTC] PostgreSQL database connection established successfully
[10-Apr-2025 20:35:28 UTC] Successfully connected to PostgreSQL database
[10-Apr-2025 20:35:28 UTC] PHP Deprecated:  json_decode(): Passing null to parameter #1 ($json) of type string is deprecated in /Users/sthwalonyoni/MPBH/server/src/Models/Business.php on line 274
[10-Apr-2025 20:35:28 UTC] PHP Deprecated:  json_decode(): Passing null to parameter #1 ($json) of type string is deprecated in /Users/sthwalonyoni/MPBH/server/src/Models/Business.php on line 275
[10-Apr-2025 20:35:28 UTC] PHP Deprecated:  json_decode(): Passing null to parameter #1 ($json) of type string is deprecated in /Users/sthwalonyoni/MPBH/server/src/Models/Business.php on line 274
[10-Apr-2025 20:35:28 UTC] PHP Deprecated:  json_decode(): Passing null to parameter #1 ($json) of type string is deprecated in /Users/sthwalonyoni/MPBH/server/src/Models/Business.php on line 275
[10-Apr-2025 20:35:28 UTC] Environment variables loaded for development environment
[10-Apr-2025 20:35:28 UTC] Database connection parameters: pgsql:host=localhost;port=5432;dbname=postgres
[10-Apr-2025 20:35:28 UTC] Connecting to PostgreSQL database with DSN: pgsql:host=localhost;dbname=postgres;port=5432
[10-Apr-2025 20:35:28 UTC] PostgreSQL database connection established successfully
[10-Apr-2025 20:35:28 UTC] Successfully connected to PostgreSQL database
[10-Apr-2025 20:35:28 UTC] PHP Deprecated:  json_decode(): Passing null to parameter #1 ($json) of type string is deprecated in /Users/sthwalonyoni/MPBH/server/src/Models/Business.php on line 274
[10-Apr-2025 20:35:28 UTC] PHP Deprecated:  json_decode(): Passing null to parameter #1 ($json) of type string is deprecated in /Users/sthwalonyoni/MPBH/server/src/Models/Business.php on line 275
[10-Apr-2025 20:35:28 UTC] PHP Deprecated:  json_decode(): Passing null to parameter #1 ($json) of type string is deprecated in /Users/sthwalonyoni/MPBH/server/src/Models/Business.php on line 274
[10-Apr-2025 20:35:28 UTC] PHP Deprecated:  json_decode(): Passing null to parameter #1 ($json) of type string is deprecated in /Users/sthwalonyoni/MPBH/server/src/Models/Business.php on line 275
[10-Apr-2025 20:35:43 UTC] Environment variables loaded for development environment
[10-Apr-2025 20:35:43 UTC] Database connection parameters: pgsql:host=localhost;port=5432;dbname=postgres
[10-Apr-2025 20:35:43 UTC] Connecting to PostgreSQL database with DSN: pgsql:host=localhost;dbname=postgres;port=5432
[10-Apr-2025 20:35:43 UTC] PostgreSQL database connection established successfully
[10-Apr-2025 20:35:43 UTC] Successfully connected to PostgreSQL database
[10-Apr-2025 20:35:43 UTC] PHP Deprecated:  json_decode(): Passing null to parameter #1 ($json) of type string is deprecated in /Users/sthwalonyoni/MPBH/server/src/Models/Business.php on line 274
[10-Apr-2025 20:35:43 UTC] PHP Deprecated:  json_decode(): Passing null to parameter #1 ($json) of type string is deprecated in /Users/sthwalonyoni/MPBH/server/src/Models/Business.php on line 275
[10-Apr-2025 20:35:43 UTC] PHP Deprecated:  json_decode(): Passing null to parameter #1 ($json) of type string is deprecated in /Users/sthwalonyoni/MPBH/server/src/Models/Business.php on line 274
[10-Apr-2025 20:35:43 UTC] PHP Deprecated:  json_decode(): Passing null to parameter #1 ($json) of type string is deprecated in /Users/sthwalonyoni/MPBH/server/src/Models/Business.php on line 275
[10-Apr-2025 20:35:43 UTC] PHP Deprecated:  json_decode(): Passing null to parameter #1 ($json) of type string is deprecated in /Users/sthwalonyoni/MPBH/server/src/Models/Business.php on line 274
[10-Apr-2025 20:35:43 UTC] PHP Deprecated:  json_decode(): Passing null to parameter #1 ($json) of type string is deprecated in /Users/sthwalonyoni/MPBH/server/src/Models/Business.php on line 275
[10-Apr-2025 20:35:43 UTC] Environment variables loaded for development environment
[10-Apr-2025 20:35:43 UTC] Database connection parameters: pgsql:host=localhost;port=5432;dbname=postgres
[10-Apr-2025 20:35:43 UTC] Connecting to PostgreSQL database with DSN: pgsql:host=localhost;dbname=postgres;port=5432
[10-Apr-2025 20:35:43 UTC] PostgreSQL database connection established successfully
[10-Apr-2025 20:35:43 UTC] Successfully connected to PostgreSQL database
[10-Apr-2025 20:35:43 UTC] PHP Deprecated:  json_decode(): Passing null to parameter #1 ($json) of type string is deprecated in /Users/sthwalonyoni/MPBH/server/src/Models/Business.php on line 274
[10-Apr-2025 20:35:43 UTC] PHP Deprecated:  json_decode(): Passing null to parameter #1 ($json) of type string is deprecated in /Users/sthwalonyoni/MPBH/server/src/Models/Business.php on line 275
[10-Apr-2025 20:35:43 UTC] PHP Deprecated:  json_decode(): Passing null to parameter #1 ($json) of type string is deprecated in /Users/sthwalonyoni/MPBH/server/src/Models/Business.php on line 274
[10-Apr-2025 20:35:43 UTC] PHP Deprecated:  json_decode(): Passing null to parameter #1 ($json) of type string is deprecated in /Users/sthwalonyoni/MPBH/server/src/Models/Business.php on line 275
[10-Apr-2025 20:35:43 UTC] PHP Deprecated:  json_decode(): Passing null to parameter #1 ($json) of type string is deprecated in /Users/sthwalonyoni/MPBH/server/src/Models/Business.php on line 274
[10-Apr-2025 20:35:43 UTC] PHP Deprecated:  json_decode(): Passing null to parameter #1 ($json) of type string is deprecated in /Users/sthwalonyoni/MPBH/server/src/Models/Business.php on line 275
[10-Apr-2025 20:35:47 UTC] Environment variables loaded for development environment
[10-Apr-2025 20:35:47 UTC] Database connection parameters: pgsql:host=localhost;port=5432;dbname=postgres
[10-Apr-2025 20:35:47 UTC] Connecting to PostgreSQL database with DSN: pgsql:host=localhost;dbname=postgres;port=5432
[10-Apr-2025 20:35:47 UTC] PostgreSQL database connection established successfully
[10-Apr-2025 20:35:47 UTC] Successfully connected to PostgreSQL database
[10-Apr-2025 20:35:47 UTC] PHP Deprecated:  json_decode(): Passing null to parameter #1 ($json) of type string is deprecated in /Users/sthwalonyoni/MPBH/server/src/Models/Business.php on line 274
[10-Apr-2025 20:35:47 UTC] PHP Deprecated:  json_decode(): Passing null to parameter #1 ($json) of type string is deprecated in /Users/sthwalonyoni/MPBH/server/src/Models/Business.php on line 275
[10-Apr-2025 20:35:47 UTC] PHP Deprecated:  json_decode(): Passing null to parameter #1 ($json) of type string is deprecated in /Users/sthwalonyoni/MPBH/server/src/Models/Business.php on line 274
[10-Apr-2025 20:35:47 UTC] PHP Deprecated:  json_decode(): Passing null to parameter #1 ($json) of type string is deprecated in /Users/sthwalonyoni/MPBH/server/src/Models/Business.php on line 275
[10-Apr-2025 20:35:59 UTC] Environment variables loaded for development environment
[10-Apr-2025 20:35:59 UTC] Database connection parameters: pgsql:host=localhost;port=5432;dbname=postgres
[10-Apr-2025 20:35:59 UTC] Connecting to PostgreSQL database with DSN: pgsql:host=localhost;dbname=postgres;port=5432
[10-Apr-2025 20:35:59 UTC] PostgreSQL database connection established successfully
[10-Apr-2025 20:35:59 UTC] Successfully connected to PostgreSQL database
[11-Apr-2025 13:35:35 UTC] Environment variables loaded for development environment
[11-Apr-2025 13:35:35 UTC] Database connection parameters: pgsql:host=localhost;port=5432;dbname=postgres
[11-Apr-2025 13:35:35 UTC] Connecting to PostgreSQL database with DSN: pgsql:host=localhost;dbname=postgres;port=5432
[11-Apr-2025 13:35:35 UTC] PostgreSQL database connection established successfully
[11-Apr-2025 13:35:35 UTC] Successfully connected to PostgreSQL database
[11-Apr-2025 13:35:35 UTC] Environment variables loaded for development environment
[11-Apr-2025 13:35:35 UTC] Database connection parameters: pgsql:host=localhost;port=5432;dbname=postgres
[11-Apr-2025 13:35:35 UTC] Connecting to PostgreSQL database with DSN: pgsql:host=localhost;dbname=postgres;port=5432
[11-Apr-2025 13:35:35 UTC] PostgreSQL database connection established successfully
[11-Apr-2025 13:35:35 UTC] Successfully connected to PostgreSQL database
[11-Apr-2025 13:35:39 UTC] Environment variables loaded for development environment
[11-Apr-2025 13:35:39 UTC] Database connection parameters: pgsql:host=localhost;port=5432;dbname=postgres
[11-Apr-2025 13:35:39 UTC] Connecting to PostgreSQL database with DSN: pgsql:host=localhost;dbname=postgres;port=5432
[11-Apr-2025 13:35:39 UTC] PostgreSQL database connection established successfully
[11-Apr-2025 13:35:39 UTC] Successfully connected to PostgreSQL database
[11-Apr-2025 13:35:39 UTC] Environment variables loaded for development environment
[11-Apr-2025 13:35:39 UTC] Database connection parameters: pgsql:host=localhost;port=5432;dbname=postgres
[11-Apr-2025 13:35:39 UTC] Connecting to PostgreSQL database with DSN: pgsql:host=localhost;dbname=postgres;port=5432
[11-Apr-2025 13:35:39 UTC] PostgreSQL database connection established successfully
[11-Apr-2025 13:35:39 UTC] Successfully connected to PostgreSQL database
[11-Apr-2025 13:36:52 UTC] Environment variables loaded for development environment
[11-Apr-2025 13:36:52 UTC] Database connection parameters: pgsql:host=localhost;port=5432;dbname=postgres
[11-Apr-2025 13:36:52 UTC] Connecting to PostgreSQL database with DSN: pgsql:host=localhost;dbname=postgres;port=5432
[11-Apr-2025 13:36:52 UTC] PostgreSQL database connection established successfully
[11-Apr-2025 13:36:52 UTC] Successfully connected to PostgreSQL database
[11-Apr-2025 13:36:52 UTC] Environment variables loaded for development environment
[11-Apr-2025 13:36:52 UTC] Database connection parameters: pgsql:host=localhost;port=5432;dbname=postgres
[11-Apr-2025 13:36:52 UTC] Connecting to PostgreSQL database with DSN: pgsql:host=localhost;dbname=postgres;port=5432
[11-Apr-2025 13:36:52 UTC] PostgreSQL database connection established successfully
[11-Apr-2025 13:36:52 UTC] Successfully connected to PostgreSQL database
[11-Apr-2025 13:43:57 UTC] Environment variables loaded for development environment
[11-Apr-2025 13:43:57 UTC] Database connection parameters: pgsql:host=localhost;port=5432;dbname=postgres
[11-Apr-2025 13:43:57 UTC] Connecting to PostgreSQL database with DSN: pgsql:host=localhost;dbname=postgres;port=5432
[11-Apr-2025 13:43:57 UTC] PostgreSQL database connection established successfully
[11-Apr-2025 13:43:57 UTC] Successfully connected to PostgreSQL database
[11-Apr-2025 13:43:57 UTC] Environment variables loaded for development environment
[11-Apr-2025 13:43:57 UTC] Database connection parameters: pgsql:host=localhost;port=5432;dbname=postgres
[11-Apr-2025 13:43:57 UTC] Connecting to PostgreSQL database with DSN: pgsql:host=localhost;dbname=postgres;port=5432
[11-Apr-2025 13:43:57 UTC] PostgreSQL database connection established successfully
[11-Apr-2025 13:43:57 UTC] Successfully connected to PostgreSQL database
[11-Apr-2025 13:44:00 UTC] Environment variables loaded for development environment
[11-Apr-2025 13:44:00 UTC] Database connection parameters: pgsql:host=localhost;port=5432;dbname=postgres
[11-Apr-2025 13:44:00 UTC] Connecting to PostgreSQL database with DSN: pgsql:host=localhost;dbname=postgres;port=5432
[11-Apr-2025 13:44:00 UTC] PostgreSQL database connection established successfully
[11-Apr-2025 13:44:00 UTC] Successfully connected to PostgreSQL database
[11-Apr-2025 13:44:00 UTC] Environment variables loaded for development environment
[11-Apr-2025 13:44:00 UTC] Database connection parameters: pgsql:host=localhost;port=5432;dbname=postgres
[11-Apr-2025 13:44:00 UTC] Connecting to PostgreSQL database with DSN: pgsql:host=localhost;dbname=postgres;port=5432
[11-Apr-2025 13:44:00 UTC] PostgreSQL database connection established successfully
[11-Apr-2025 13:44:00 UTC] Successfully connected to PostgreSQL database
[11-Apr-2025 13:50:03 UTC] Environment variables loaded for development environment
[11-Apr-2025 13:50:03 UTC] Database connection parameters: pgsql:host=localhost;port=5432;dbname=postgres
[11-Apr-2025 13:50:03 UTC] Connecting to PostgreSQL database with DSN: pgsql:host=localhost;dbname=postgres;port=5432
[11-Apr-2025 13:50:03 UTC] PostgreSQL database connection established successfully
[11-Apr-2025 13:50:03 UTC] Successfully connected to PostgreSQL database
[11-Apr-2025 13:50:03 UTC] Environment variables loaded for development environment
[11-Apr-2025 13:50:03 UTC] Database connection parameters: pgsql:host=localhost;port=5432;dbname=postgres
[11-Apr-2025 13:50:03 UTC] Connecting to PostgreSQL database with DSN: pgsql:host=localhost;dbname=postgres;port=5432
[11-Apr-2025 13:50:03 UTC] PostgreSQL database connection established successfully
[11-Apr-2025 13:50:03 UTC] Successfully connected to PostgreSQL database
[11-Apr-2025 13:50:05 UTC] Environment variables loaded for development environment
[11-Apr-2025 13:50:05 UTC] Database connection parameters: pgsql:host=localhost;port=5432;dbname=postgres
[11-Apr-2025 13:50:05 UTC] Connecting to PostgreSQL database with DSN: pgsql:host=localhost;dbname=postgres;port=5432
[11-Apr-2025 13:50:05 UTC] PostgreSQL database connection established successfully
[11-Apr-2025 13:50:05 UTC] Successfully connected to PostgreSQL database
[11-Apr-2025 13:50:05 UTC] Environment variables loaded for development environment
[11-Apr-2025 13:50:05 UTC] Database connection parameters: pgsql:host=localhost;port=5432;dbname=postgres
[11-Apr-2025 13:50:05 UTC] Connecting to PostgreSQL database with DSN: pgsql:host=localhost;dbname=postgres;port=5432
[11-Apr-2025 13:50:05 UTC] PostgreSQL database connection established successfully
[11-Apr-2025 13:50:05 UTC] Successfully connected to PostgreSQL database
[11-Apr-2025 13:50:28 UTC] Environment variables loaded for development environment
[11-Apr-2025 13:50:28 UTC] Database connection parameters: pgsql:host=localhost;port=5432;dbname=postgres
[11-Apr-2025 13:50:28 UTC] Connecting to PostgreSQL database with DSN: pgsql:host=localhost;dbname=postgres;port=5432
[11-Apr-2025 13:50:28 UTC] PostgreSQL database connection established successfully
[11-Apr-2025 13:50:28 UTC] Successfully connected to PostgreSQL database
[11-Apr-2025 13:50:28 UTC] Environment variables loaded for development environment
[11-Apr-2025 13:50:28 UTC] Database connection parameters: pgsql:host=localhost;port=5432;dbname=postgres
[11-Apr-2025 13:50:28 UTC] Connecting to PostgreSQL database with DSN: pgsql:host=localhost;dbname=postgres;port=5432
[11-Apr-2025 13:50:28 UTC] PostgreSQL database connection established successfully
[11-Apr-2025 13:50:28 UTC] Successfully connected to PostgreSQL database
[11-Apr-2025 13:50:28 UTC] Environment variables loaded for development environment
[11-Apr-2025 13:50:28 UTC] Database connection parameters: pgsql:host=localhost;port=5432;dbname=postgres
[11-Apr-2025 13:50:28 UTC] Connecting to PostgreSQL database with DSN: pgsql:host=localhost;dbname=postgres;port=5432
[11-Apr-2025 13:50:28 UTC] PostgreSQL database connection established successfully
[11-Apr-2025 13:50:28 UTC] Successfully connected to PostgreSQL database
[11-Apr-2025 13:50:28 UTC] Environment variables loaded for development environment
[11-Apr-2025 13:50:28 UTC] Database connection parameters: pgsql:host=localhost;port=5432;dbname=postgres
[11-Apr-2025 13:50:28 UTC] Connecting to PostgreSQL database with DSN: pgsql:host=localhost;dbname=postgres;port=5432
[11-Apr-2025 13:50:28 UTC] PostgreSQL database connection established successfully
[11-Apr-2025 13:50:28 UTC] Successfully connected to PostgreSQL database
[11-Apr-2025 13:50:30 UTC] Environment variables loaded for development environment
[11-Apr-2025 13:50:30 UTC] Database connection parameters: pgsql:host=localhost;port=5432;dbname=postgres
[11-Apr-2025 13:50:30 UTC] Connecting to PostgreSQL database with DSN: pgsql:host=localhost;dbname=postgres;port=5432
[11-Apr-2025 13:50:30 UTC] PostgreSQL database connection established successfully
[11-Apr-2025 13:50:30 UTC] Successfully connected to PostgreSQL database
[11-Apr-2025 13:50:30 UTC] Environment variables loaded for development environment
[11-Apr-2025 13:50:30 UTC] Database connection parameters: pgsql:host=localhost;port=5432;dbname=postgres
[11-Apr-2025 13:50:30 UTC] Connecting to PostgreSQL database with DSN: pgsql:host=localhost;dbname=postgres;port=5432
[11-Apr-2025 13:50:30 UTC] PostgreSQL database connection established successfully
[11-Apr-2025 13:50:30 UTC] Successfully connected to PostgreSQL database
[11-Apr-2025 13:50:31 UTC] Environment variables loaded for development environment
[11-Apr-2025 13:50:31 UTC] Database connection parameters: pgsql:host=localhost;port=5432;dbname=postgres
[11-Apr-2025 13:50:31 UTC] Connecting to PostgreSQL database with DSN: pgsql:host=localhost;dbname=postgres;port=5432
[11-Apr-2025 13:50:31 UTC] PostgreSQL database connection established successfully
[11-Apr-2025 13:50:31 UTC] Successfully connected to PostgreSQL database
[11-Apr-2025 13:50:31 UTC] Environment variables loaded for development environment
[11-Apr-2025 13:50:31 UTC] Database connection parameters: pgsql:host=localhost;port=5432;dbname=postgres
[11-Apr-2025 13:50:31 UTC] Connecting to PostgreSQL database with DSN: pgsql:host=localhost;dbname=postgres;port=5432
[11-Apr-2025 13:50:31 UTC] PostgreSQL database connection established successfully
[11-Apr-2025 13:50:31 UTC] Successfully connected to PostgreSQL database
[11-Apr-2025 13:50:31 UTC] Environment variables loaded for development environment
[11-Apr-2025 13:50:31 UTC] Database connection parameters: pgsql:host=localhost;port=5432;dbname=postgres
[11-Apr-2025 13:50:31 UTC] Connecting to PostgreSQL database with DSN: pgsql:host=localhost;dbname=postgres;port=5432
[11-Apr-2025 13:50:31 UTC] PostgreSQL database connection established successfully
[11-Apr-2025 13:50:31 UTC] Successfully connected to PostgreSQL database
[11-Apr-2025 13:50:31 UTC] Environment variables loaded for development environment
[11-Apr-2025 13:50:31 UTC] Database connection parameters: pgsql:host=localhost;port=5432;dbname=postgres
[11-Apr-2025 13:50:31 UTC] Connecting to PostgreSQL database with DSN: pgsql:host=localhost;dbname=postgres;port=5432
[11-Apr-2025 13:50:31 UTC] PostgreSQL database connection established successfully
[11-Apr-2025 13:50:31 UTC] Successfully connected to PostgreSQL database
[11-Apr-2025 13:50:32 UTC] Environment variables loaded for development environment
[11-Apr-2025 13:50:32 UTC] Database connection parameters: pgsql:host=localhost;port=5432;dbname=postgres
[11-Apr-2025 13:50:32 UTC] Connecting to PostgreSQL database with DSN: pgsql:host=localhost;dbname=postgres;port=5432
[11-Apr-2025 13:50:32 UTC] PostgreSQL database connection established successfully
[11-Apr-2025 13:50:32 UTC] Successfully connected to PostgreSQL database
[11-Apr-2025 13:50:32 UTC] Environment variables loaded for development environment
[11-Apr-2025 13:50:32 UTC] Database connection parameters: pgsql:host=localhost;port=5432;dbname=postgres
[11-Apr-2025 13:50:32 UTC] Connecting to PostgreSQL database with DSN: pgsql:host=localhost;dbname=postgres;port=5432
[11-Apr-2025 13:50:32 UTC] PostgreSQL database connection established successfully
[11-Apr-2025 13:50:32 UTC] Successfully connected to PostgreSQL database
[11-Apr-2025 13:50:32 UTC] Environment variables loaded for development environment
[11-Apr-2025 13:50:32 UTC] Database connection parameters: pgsql:host=localhost;port=5432;dbname=postgres
[11-Apr-2025 13:50:32 UTC] Connecting to PostgreSQL database with DSN: pgsql:host=localhost;dbname=postgres;port=5432
[11-Apr-2025 13:50:32 UTC] PostgreSQL database connection established successfully
[11-Apr-2025 13:50:32 UTC] Successfully connected to PostgreSQL database
[11-Apr-2025 13:50:32 UTC] Environment variables loaded for development environment
[11-Apr-2025 13:50:32 UTC] Database connection parameters: pgsql:host=localhost;port=5432;dbname=postgres
[11-Apr-2025 13:50:32 UTC] Connecting to PostgreSQL database with DSN: pgsql:host=localhost;dbname=postgres;port=5432
[11-Apr-2025 13:50:32 UTC] PostgreSQL database connection established successfully
[11-Apr-2025 13:50:32 UTC] Successfully connected to PostgreSQL database
[11-Apr-2025 13:50:33 UTC] Environment variables loaded for development environment
[11-Apr-2025 13:50:33 UTC] Database connection parameters: pgsql:host=localhost;port=5432;dbname=postgres
[11-Apr-2025 13:50:33 UTC] Connecting to PostgreSQL database with DSN: pgsql:host=localhost;dbname=postgres;port=5432
[11-Apr-2025 13:50:33 UTC] PostgreSQL database connection established successfully
[11-Apr-2025 13:50:33 UTC] Successfully connected to PostgreSQL database
[11-Apr-2025 13:50:33 UTC] Environment variables loaded for development environment
[11-Apr-2025 13:50:33 UTC] Database connection parameters: pgsql:host=localhost;port=5432;dbname=postgres
[11-Apr-2025 13:50:33 UTC] Connecting to PostgreSQL database with DSN: pgsql:host=localhost;dbname=postgres;port=5432
[11-Apr-2025 13:50:33 UTC] PostgreSQL database connection established successfully
[11-Apr-2025 13:50:33 UTC] Successfully connected to PostgreSQL database
[11-Apr-2025 13:50:34 UTC] Environment variables loaded for development environment
[11-Apr-2025 13:50:34 UTC] Database connection parameters: pgsql:host=localhost;port=5432;dbname=postgres
[11-Apr-2025 13:50:34 UTC] Connecting to PostgreSQL database with DSN: pgsql:host=localhost;dbname=postgres;port=5432
[11-Apr-2025 13:50:34 UTC] PostgreSQL database connection established successfully
[11-Apr-2025 13:50:34 UTC] Successfully connected to PostgreSQL database
[11-Apr-2025 13:50:34 UTC] Environment variables loaded for development environment
[11-Apr-2025 13:50:34 UTC] Database connection parameters: pgsql:host=localhost;port=5432;dbname=postgres
[11-Apr-2025 13:50:34 UTC] Connecting to PostgreSQL database with DSN: pgsql:host=localhost;dbname=postgres;port=5432
[11-Apr-2025 13:50:34 UTC] PostgreSQL database connection established successfully
[11-Apr-2025 13:50:34 UTC] Successfully connected to PostgreSQL database
[11-Apr-2025 13:50:35 UTC] Environment variables loaded for development environment
[11-Apr-2025 13:50:35 UTC] Database connection parameters: pgsql:host=localhost;port=5432;dbname=postgres
[11-Apr-2025 13:50:35 UTC] Connecting to PostgreSQL database with DSN: pgsql:host=localhost;dbname=postgres;port=5432
[11-Apr-2025 13:50:35 UTC] PostgreSQL database connection established successfully
[11-Apr-2025 13:50:35 UTC] Successfully connected to PostgreSQL database
[11-Apr-2025 13:50:35 UTC] Environment variables loaded for development environment
[11-Apr-2025 13:50:35 UTC] Database connection parameters: pgsql:host=localhost;port=5432;dbname=postgres
[11-Apr-2025 13:50:35 UTC] Connecting to PostgreSQL database with DSN: pgsql:host=localhost;dbname=postgres;port=5432
[11-Apr-2025 13:50:35 UTC] PostgreSQL database connection established successfully
[11-Apr-2025 13:50:35 UTC] Successfully connected to PostgreSQL database
[11-Apr-2025 13:50:38 UTC] Environment variables loaded for development environment
[11-Apr-2025 13:50:38 UTC] Database connection parameters: pgsql:host=localhost;port=5432;dbname=postgres
[11-Apr-2025 13:50:38 UTC] Connecting to PostgreSQL database with DSN: pgsql:host=localhost;dbname=postgres;port=5432
[11-Apr-2025 13:50:38 UTC] PostgreSQL database connection established successfully
[11-Apr-2025 13:50:38 UTC] Successfully connected to PostgreSQL database
[11-Apr-2025 13:50:38 UTC] Environment variables loaded for development environment
[11-Apr-2025 13:50:38 UTC] Database connection parameters: pgsql:host=localhost;port=5432;dbname=postgres
[11-Apr-2025 13:50:38 UTC] Connecting to PostgreSQL database with DSN: pgsql:host=localhost;dbname=postgres;port=5432
[11-Apr-2025 13:50:38 UTC] PostgreSQL database connection established successfully
[11-Apr-2025 13:50:38 UTC] Successfully connected to PostgreSQL database
