2025-04-05 11:34:39 - /debug-api.php?endpoint=business/details - 
2025-04-05 11:56:49 - /debug-api.php?action=register - {"email":"nyoniii@gmail.com","password":"IMMACULATE","businessName":"Global Hope Consortium","description":"sfnlkv aklfj; asjanfjouaeg anfjou; guaoga ;jsn; v;jaou'fv JNFV VDAO;","category":"Tourism","district":"Emalahleni","address":"131 Shamrock Street\nFlorida","phone":"+27733685971","website":"https://ghcons.com"}
2025-04-05 12:00:44 - /debug-api.php?action=register - {"email":"nyoniii@gmail.com","password":"IMMACULATE","businessName":"Global Hope Consortium","description":"sfnlkv aklfj; asjanfjouaeg anfjou; guaoga ;jsn; v;jaou'fv JNFV VDAO;","category":"Tourism","district":"Emalahleni","address":"131 Shamrock Street\nFlorida","phone":"+27733685971","website":"https://ghcons.com"}
2025-04-05 12:18:04 - /debug-api.php?action=register - {"email":"nyoniii@gmail.com","password":"Imma12345","businessName":"Global Hope Consortium","description":"jdahjau adgljn;sc vjasvs;;b;ajbf;habfsjbcvihdfaaefjsn;a","category":"Tourism","district":"Emalahleni","address":"131 Shamrock Street\nFlorida","phone":"+27733685971","website":"https://ghcons.com"}
2025-04-05 12:21:59 - /debug-api.php?action=test - 
2025-04-05 12:24:49 - /debug-api.php?action=register - {"email":"nyoniii@gmail.com","password":"Password123","businessName":"Global Hope Consortium","description":"scdsljnvlsvbvljdbfvljbvkdhjvdbvfajblvjbjkvbsvlodjfbldabvkvbljfsblvadjvbjoaobsfljvsfvbdajekbvoasblv;xbnvdjfabov;osbfjvx dk jdk ","category":"Tourism","district":"Mbombela","address":"131 Shamrock Street\nFlorida","phone":"+27733685971","website":"https://ghcons.com"}
2025-04-05 12:27:09 - /debug-api.php?action=register - {"email":"nyoniii@gmail.com","password":"Password123","businessName":"Global Hope Consortium","description":"scdsljnvlsvbvljdbfvljbvkdhjvdbvfajblvjbjkvbsvlodjfbldabvkvbljfsblvadjvbjoaobsfljvsfvbdajekbvoasblv;xbnvdjfabov;osbfjvx dk jdk ","category":"Tourism","district":"Mbombela","address":"131 Shamrock Street\nFlorida","phone":"+27733685971","website":"https://ghcons.com"}
2025-04-05 12:28:22 - /debug-api.php?action=register - {"email":"nyoniii@gmail.com","password":"Password123","businessName":"Global Hope Consortium","description":"scdsljnvlsvbvljdbfvljbvkdhjvdbvfajblvjbjkvbsvlodjfbldabvkvbljfsblvadjvbjoaobsfljvsfvbdajekbvoasblv;xbnvdjfabov;osbfjvx dk jdk ","category":"Tourism","district":"Mbombela","address":"131 Shamrock Street\nFlorida","phone":"+27733685971","website":"https://ghcons.com"}
2025-04-05 12:29:36 - /debug-api.php?endpoint=business/details - 
2025-04-05 12:29:36 - /debug-api.php?endpoint=business/details - 
2025-04-05 12:31:49 - /debug-api.php?endpoint=business/details&dev_mode=true - 
2025-04-05 12:32:56 - /debug-api.php?endpoint=business/details&dev_mode=true - 
2025-04-05 13:16:59 - /debug-api.php?action=register - {"email": "test2@example.com", "password": "Password123", "businessName": "Test Business LLC", "description": "A test business for validation", "category": "Information Technology", "district": "Gert Sibande", "address": "456 Test Avenue", "phone": "+27731234567", "website": "https://testbusiness.com"}
2025-04-05 13:17:11 - /debug-api.php?action=login - {"email": "test2@example.com", "password": "Password123"}
2025-04-05 13:17:22 - /debug-api.php?endpoint=business/details - 
2025-04-05 13:17:59 - /debug-api.php?endpoint=business/details - 
2025-04-05 13:19:48 - /debug-api.php?action=register - {"email":"sthwaloe@gmail.com","password":"Password123","businessName":"Global Hope Consortium","description":"sclzcn/jzn ljn;jc;jz njzbncmnbj;bmz .,j;zbvuwvjbcj sicvk.NB","category":"Tourism","district":"Mbombela","address":"131 Shamrock Street\nFlorida","phone":"+27733685971","website":"https://ghcons.com"}
2025-04-05 13:20:05 - /debug-api.php?endpoint=business/details - 
2025-04-05 13:20:05 - /debug-api.php?endpoint=business/details - 
2025-04-05 13:22:16 - /debug-api.php?endpoint=business/details - 
2025-04-05 13:22:16 - /debug-api.php?endpoint=business/details - 
2025-04-05 13:27:00 - /debug-api.php?endpoint=businesses - 
2025-04-05 15:35:52 - /debug-api.php?endpoint=packages/tiers - 
2025-04-05 15:43:37 - /debug-api.php?endpoint=packages/tiers - 
2025-04-05 15:46:03 - /debug-api.php?endpoint=packages/tiers - 
2025-04-05 15:49:21 - /debug-api.php/businesses?category=Agriculture - 
2025-04-05 15:49:21 - /debug-api.php/businesses?category=Agriculture - 
2025-04-05 15:50:07 - /debug-api.php/businesses?district=Mbombela - 
2025-04-05 15:50:07 - /debug-api.php/businesses?district=Mbombela - 
2025-04-05 15:50:25 - /debug-api.php/businesses?district=Bushbuckridge - 
2025-04-10 17:20:44 - /debug-api.php?action=register - {"email":"sthwaloe@gmail.com","password":"12345678","businessName":"Global Hope Consortium","description":"sfsfslfms;ka afkjgnaljbve ajngfvajbvnalegb ejnaojbpaoebnoarqgb","category":"Tourism","district":"Mbombela","address":"111 Cornelis Street","phone":"+27733685971","website":"https://ghcons.com"}
2025-04-10 17:23:52 - /debug-api.php?action=register - {"email":"sthwaloe@gmail.com","password":"asdf1234","businessName":"Global Hope Consortium","description":"sdnldsjnv;as jfnv;aljvn; ADJFN;AJLVNSOVANDOVA JAND;FJVNA;FDA","category":"Tourism","district":"Mbombela","address":"111 Cornelis Street","phone":"+27733685971","website":"https://ghcons.com"}
2025-04-10 17:35:16 - /debug-api.php/businesses?category=Events - 
2025-04-10 17:35:16 - /debug-api.php/businesses?category=Events - 
2025-04-10 17:36:19 - /debug-api.php/businesses?category=Events - 
2025-04-10 17:36:19 - /debug-api.php/businesses?category=Events - 
2025-04-10 19:25:09 - /debug-api.php/businesses?category=Events - 
2025-04-10 19:25:09 - /debug-api.php/businesses?category=Events - 
2025-04-10 19:34:09 - /debug-api.php/businesses?category=Events - 
2025-04-10 19:34:09 - /debug-api.php/businesses?category=Events - 
2025-04-10 19:34:10 - /debug-api.php/businesses?category=Events - 
2025-04-10 19:34:10 - /debug-api.php/businesses?category=Events - 
2025-04-10 19:34:59 - /debug-api.php/businesses?category=Tourism - 
2025-04-10 19:34:59 - /debug-api.php/businesses?category=Tourism - 
2025-04-10 19:35:15 - /debug-api.php/businesses?category=Tourism&district=Mbombela - 
2025-04-10 19:35:16 - /debug-api.php/businesses?category=Tourism&district=Emalahleni - 
2025-04-10 20:31:36 - /debug-api.php/businesses? - 
2025-04-10 20:31:36 - /debug-api.php/businesses? - 
2025-04-10 20:31:51 - /debug-api.php/businesses?category=Tourism - 
2025-04-10 20:31:52 - /debug-api.php/businesses?category=Agriculture - 
2025-04-10 20:34:14 - /debug-api.php/businesses?category=Construction - 
2025-04-10 20:34:14 - /debug-api.php/businesses?category=Construction - 
2025-04-10 20:35:28 - /debug-api.php/businesses?category=Tourism - 
2025-04-10 20:35:28 - /debug-api.php/businesses?category=Tourism - 
2025-04-10 20:35:43 - /debug-api.php/businesses? - 
2025-04-10 20:35:43 - /debug-api.php/businesses? - 
2025-04-10 20:35:47 - /debug-api.php/businesses?category=Tourism - 
2025-04-10 20:35:59 - /debug-api.php/businesses?category=Tourism&district=Emalahleni - 
2025-04-11 13:35:35 - /debug-api.php?action=register/businesses? - 
2025-04-11 13:35:35 - /debug-api.php?action=register/businesses? - 
2025-04-11 13:35:39 - /debug-api.php?action=register/businesses? - 
2025-04-11 13:35:39 - /debug-api.php?action=register/businesses? - 
2025-04-11 13:36:52 - /debug-api.php?action=register/businesses? - 
2025-04-11 13:36:52 - /debug-api.php?action=register/businesses? - 
2025-04-11 13:43:57 - /debug-api.php?action=register/businesses? - 
2025-04-11 13:43:57 - /debug-api.php?action=register/businesses? - 
2025-04-11 13:44:00 - /debug-api.php?action=register/businesses? - 
2025-04-11 13:44:00 - /debug-api.php?action=register/businesses? - 
2025-04-11 13:50:03 - /debug-api.php?action=register/businesses? - 
2025-04-11 13:50:03 - /debug-api.php?action=register/businesses? - 
2025-04-11 13:50:05 - /debug-api.php?action=register/businesses? - 
2025-04-11 13:50:05 - /debug-api.php?action=register/businesses? - 
2025-04-11 13:50:28 - /debug-api.php?action=register/businesses? - 
2025-04-11 13:50:28 - /debug-api.php?action=register/businesses? - 
2025-04-11 13:50:28 - /debug-api.php?action=register/businesses? - 
2025-04-11 13:50:28 - /debug-api.php?action=register/businesses? - 
2025-04-11 13:50:30 - /debug-api.php?action=register/businesses? - 
2025-04-11 13:50:30 - /debug-api.php?action=register/businesses? - 
2025-04-11 13:50:31 - /debug-api.php?action=register/businesses? - 
2025-04-11 13:50:31 - /debug-api.php?action=register/businesses? - 
2025-04-11 13:50:31 - /debug-api.php?action=register/businesses? - 
2025-04-11 13:50:31 - /debug-api.php?action=register/businesses? - 
2025-04-11 13:50:32 - /debug-api.php?action=register/businesses? - 
2025-04-11 13:50:32 - /debug-api.php?action=register/businesses? - 
2025-04-11 13:50:32 - /debug-api.php?action=register/businesses? - 
2025-04-11 13:50:32 - /debug-api.php?action=register/businesses? - 
2025-04-11 13:50:33 - /debug-api.php?action=register/businesses? - 
2025-04-11 13:50:33 - /debug-api.php?action=register/businesses? - 
2025-04-11 13:50:34 - /debug-api.php?action=register/businesses? - 
2025-04-11 13:50:34 - /debug-api.php?action=register/businesses? - 
2025-04-11 13:50:35 - /debug-api.php?action=register/businesses? - 
2025-04-11 13:50:35 - /debug-api.php?action=register/businesses? - 
2025-04-11 13:50:38 - /debug-api.php?action=register/businesses? - 
2025-04-11 13:50:38 - /debug-api.php?action=register/businesses? - 
2025-04-12 14:13:52 - /debug-api.php?action=register - {"email":"nyoniii@icloud.com","password":"12345678","businessName":"Global Hope Consortium","description":"nc;ljsacs kjban;js;bva skjhv;ajha evajfh;vajuhsfb vuaef adjfhvua;hfa[ vja;hfuovaf","category":"Tourism","district":"Mbombela","address":"afsjns;kdihji AKJV","phone":"0710146831","website":""}
